{"level":"info","message":"Connected","timestamp":"2018-04-18T18:42:01.171Z"}
{"level":"info","message":"Logged in as: test-bot","timestamp":"2018-04-18T18:42:01.172Z"}
{"level":"info","message":"Connected","timestamp":"2018-04-18T18:43:01.209Z"}
{"level":"info","message":"Logged in as: test-bot","timestamp":"2018-04-18T18:43:01.210Z"}
{"level":"info","message":"Connected","timestamp":"2018-04-18T18:44:11.962Z"}
{"level":"info","message":"Logged in as: test-bot","timestamp":"2018-04-18T18:44:11.963Z"}
[{"id":"UCzoVCacndDCfGDf41P-z0iA","link":"https://www.youtube.com/channel/UCzoVCacndDCfGDf41P-z0iA","kind":"youtube#channel","publishedAt":"2012-10-09T10:21:46.000Z","channelId":"UCzoVCacndDCfGDf41P-z0iA","channelTitle":"JSConf","title":"JSConf","description":"The JSConf YouTube Channel. JSConf is a series of JavaScript conferences from around the world and here we release the conference talk videos for free as fast as we can after every event. ...","thumbnails":{"default":{"url":"https://yt3.ggpht.com/-lLQJVHClDZM/AAAAAAAAAAI/AAAAAAAAAAA/3sWsdPc8lAs/s88-c-k-no-mo-rj-c0xffffff/photo.jpg"},"medium":{"url":"https://yt3.ggpht.com/-lLQJVHClDZM/AAAAAAAAAAI/AAAAAAAAAAA/3sWsdPc8lAs/s240-c-k-no-mo-rj-c0xffffff/photo.jpg"},"high":{"url":"https://yt3.ggpht.com/-lLQJVHClDZM/AAAAAAAAAAI/AAAAAAAAAAA/3sWsdPc8lAs/s800-c-k-no-mo-rj-c0xffffff/photo.jpg"}}}]
{"level":"info","message":"Connected","timestamp":"2018-04-18T18:48:53.697Z"}
{"level":"info","message":"Logged in as: test-bot","timestamp":"2018-04-18T18:48:53.698Z"}
{"level":"info","message":"","timestamp":"2018-04-18T18:49:02.526Z"}
{"level":"info","message":"Connected","timestamp":"2018-04-18T18:49:38.220Z"}
{"level":"info","message":"Logged in as: test-bot","timestamp":"2018-04-18T18:49:38.221Z"}
[{"id":"3BBsF7VIQyo","link":"https://www.youtube.com/watch?v=3BBsF7VIQyo","kind":"youtube#video","publishedAt":"2009-11-24T14:21:47.000Z","channelId":"UCiA9R5n9sR06RgGGigkY5RA","channelTitle":"ThePussycatDollsVEVO","title":"The Pussycat Dolls - Hush Hush; Hush Hush","description":"Music video by The Pussycat Dolls performing Hush Hush; Hush Hush. (C) 2009 Pussycat Dolls, LLC.","thumbnails":{"default":{"url":"https://i.ytimg.com/vi/3BBsF7VIQyo/default.jpg","width":120,"height":90},"medium":{"url":"https://i.ytimg.com/vi/3BBsF7VIQyo/mqdefault.jpg","width":320,"height":180},"high":{"url":"https://i.ytimg.com/vi/3BBsF7VIQyo/hqdefault.jpg","width":480,"height":360}}}]
{"level":"info","message":"Connected","timestamp":"2018-04-18T19:31:01.415Z"}
{"level":"info","message":"Logged in as: test-bot","timestamp":"2018-04-18T19:31:01.417Z"}
[{"id":"1xlASR2bfGk","link":"https://www.youtube.com/watch?v=1xlASR2bfGk","kind":"youtube#video","publishedAt":"2014-01-03T01:32:55.000Z","channelId":"UCAWnuGH5fKJKM-DiWrdbgJA","channelTitle":"海蝶音樂/太合音樂 Taihe Music-精選","title":"薛之謙 Joker Xue【醜八怪】官方完整版 MV (曲: 李榮浩)","description":"","thumbnails":{"default":{"url":"https://i.ytimg.com/vi/1xlASR2bfGk/default.jpg","width":120,"height":90},"medium":{"url":"https://i.ytimg.com/vi/1xlASR2bfGk/mqdefault.jpg","width":320,"height":180},"high":{"url":"https://i.ytimg.com/vi/1xlASR2bfGk/hqdefault.jpg","width":480,"height":360}}}]
{"level":"info","message":"Connected","timestamp":"2018-04-18T19:32:04.210Z"}
{"level":"info","message":"Logged in as: test-bot","timestamp":"2018-04-18T19:32:04.211Z"}
[{"id":"tiU4AYPdIOw","link":"https://www.youtube.com/watch?v=tiU4AYPdIOw","kind":"youtube#video","publishedAt":"2012-05-20T19:23:39.000Z","channelId":"UCCODtTcd5M1JavPCOr_Uydg","channelTitle":"Extra Credits","title":"ARGs - I: What Are Alternate Reality Games? - Extra Credits","description":"ARGs can refer to a couple of different unconventional game genres. Alternate reality games are one such example, blurring the lines between reality and fiction by weaving game mechanics and...","thumbnails":{"default":{"url":"https://i.ytimg.com/vi/tiU4AYPdIOw/default.jpg","width":120,"height":90},"medium":{"url":"https://i.ytimg.com/vi/tiU4AYPdIOw/mqdefault.jpg","width":320,"height":180},"high":{"url":"https://i.ytimg.com/vi/tiU4AYPdIOw/hqdefault.jpg","width":480,"height":360}}}]
{"level":"info","message":"Connected","timestamp":"2018-04-18T19:37:19.640Z"}
{"level":"info","message":"Logged in as: test-bot","timestamp":"2018-04-18T19:37:19.642Z"}
{"level":"info","message":"Connected","timestamp":"2018-04-18T19:37:54.490Z"}
{"level":"info","message":"Logged in as: test-bot","timestamp":"2018-04-18T19:37:54.491Z"}
[{"id":"1xlASR2bfGk","link":"https://www.youtube.com/watch?v=1xlASR2bfGk","kind":"youtube#video","publishedAt":"2014-01-03T01:32:55.000Z","channelId":"UCAWnuGH5fKJKM-DiWrdbgJA","channelTitle":"海蝶音樂/太合音樂 Taihe Music-精選","title":"薛之謙 Joker Xue【醜八怪】官方完整版 MV (曲: 李榮浩)","description":"","thumbnails":{"default":{"url":"https://i.ytimg.com/vi/1xlASR2bfGk/default.jpg","width":120,"height":90},"medium":{"url":"https://i.ytimg.com/vi/1xlASR2bfGk/mqdefault.jpg","width":320,"height":180},"high":{"url":"https://i.ytimg.com/vi/1xlASR2bfGk/hqdefault.jpg","width":480,"height":360}}}]
[{"id":"3BBsF7VIQyo","link":"https://www.youtube.com/watch?v=3BBsF7VIQyo","kind":"youtube#video","publishedAt":"2009-11-24T14:21:47.000Z","channelId":"UCiA9R5n9sR06RgGGigkY5RA","channelTitle":"ThePussycatDollsVEVO","title":"The Pussycat Dolls - Hush Hush; Hush Hush","description":"Music video by The Pussycat Dolls performing Hush Hush; Hush Hush. (C) 2009 Pussycat Dolls, LLC.","thumbnails":{"default":{"url":"https://i.ytimg.com/vi/3BBsF7VIQyo/default.jpg","width":120,"height":90},"medium":{"url":"https://i.ytimg.com/vi/3BBsF7VIQyo/mqdefault.jpg","width":320,"height":180},"high":{"url":"https://i.ytimg.com/vi/3BBsF7VIQyo/hqdefault.jpg","width":480,"height":360}}}]
{"level":"info","message":"Connected","timestamp":"2018-04-18T19:42:09.470Z"}
{"level":"info","message":"Logged in as: test-bot","timestamp":"2018-04-18T19:42:09.471Z"}
{"level":"info","message":"","timestamp":"2018-04-18T19:42:15.113Z"}
{"level":"info","message":"Connected","timestamp":"2018-04-18T19:43:24.108Z"}
{"level":"info","message":"Logged in as: test-bot","timestamp":"2018-04-18T19:43:24.109Z"}
{"level":"info","message":"","timestamp":"2018-04-18T19:43:32.071Z"}
{"level":"info","message":"Connected","timestamp":"2018-04-18T19:43:53.595Z"}
{"level":"info","message":"Logged in as: test-bot","timestamp":"2018-04-18T19:43:53.596Z"}
{"level":"info","message":"Connected","timestamp":"2018-04-18T19:44:36.060Z"}
{"level":"info","message":"Logged in as: test-bot","timestamp":"2018-04-18T19:44:36.061Z"}
[{"id":"1xlASR2bfGk","link":"https://www.youtube.com/watch?v=1xlASR2bfGk","kind":"youtube#video","publishedAt":"2014-01-03T01:32:55.000Z","channelId":"UCAWnuGH5fKJKM-DiWrdbgJA","channelTitle":"海蝶音樂/太合音樂 Taihe Music-精選","title":"薛之謙 Joker Xue【醜八怪】官方完整版 MV (曲: 李榮浩)","description":"","thumbnails":{"default":{"url":"https://i.ytimg.com/vi/1xlASR2bfGk/default.jpg","width":120,"height":90},"medium":{"url":"https://i.ytimg.com/vi/1xlASR2bfGk/mqdefault.jpg","width":320,"height":180},"high":{"url":"https://i.ytimg.com/vi/1xlASR2bfGk/hqdefault.jpg","width":480,"height":360}}}]
{"level":"info","message":"Connected","timestamp":"2018-04-18T19:45:04.407Z"}
{"level":"info","message":"Logged in as: test-bot","timestamp":"2018-04-18T19:45:04.409Z"}
{"level":"info","message":"","timestamp":"2018-04-18T19:45:13.703Z"}
{"level":"info","message":"Connected","timestamp":"2018-04-18T19:45:47.367Z"}
{"level":"info","message":"Logged in as: test-bot","timestamp":"2018-04-18T19:45:47.368Z"}
{"level":"info","message":"Connected","timestamp":"2018-04-18T19:46:32.848Z"}
{"level":"info","message":"Logged in as: test-bot","timestamp":"2018-04-18T19:46:32.849Z"}
{"level":"info","message":"Connected","timestamp":"2018-04-18T19:53:17.790Z"}
{"level":"info","message":"Logged in as: test-bot","timestamp":"2018-04-18T19:53:17.792Z"}
{"level":"info","message":"Connected","timestamp":"2018-04-18T19:53:46.666Z"}
{"level":"info","message":"Logged in as: test-bot","timestamp":"2018-04-18T19:53:46.667Z"}
{"level":"info","message":"Connected","timestamp":"2018-04-18T19:54:53.112Z"}
{"level":"info","message":"Logged in as: test-bot","timestamp":"2018-04-18T19:54:53.113Z"}
[{"id":"3BBsF7VIQyo","link":"https://www.youtube.com/watch?v=3BBsF7VIQyo","kind":"youtube#video","publishedAt":"2009-11-24T14:21:47.000Z","channelId":"UCiA9R5n9sR06RgGGigkY5RA","channelTitle":"ThePussycatDollsVEVO","title":"The Pussycat Dolls - Hush Hush; Hush Hush","description":"Music video by The Pussycat Dolls performing Hush Hush; Hush Hush. (C) 2009 Pussycat Dolls, LLC.","thumbnails":{"default":{"url":"https://i.ytimg.com/vi/3BBsF7VIQyo/default.jpg","width":120,"height":90},"medium":{"url":"https://i.ytimg.com/vi/3BBsF7VIQyo/mqdefault.jpg","width":320,"height":180},"high":{"url":"https://i.ytimg.com/vi/3BBsF7VIQyo/hqdefault.jpg","width":480,"height":360}}}]
{"level":"info","message":"","timestamp":"2018-04-18T19:54:57.981Z"}
{"level":"info","message":"Connected","timestamp":"2018-04-18T19:55:58.499Z"}
{"level":"info","message":"Logged in as: test-bot","timestamp":"2018-04-18T19:55:58.500Z"}
[{"id":"3BBsF7VIQyo","link":"https://www.youtube.com/watch?v=3BBsF7VIQyo","kind":"youtube#video","publishedAt":"2009-11-24T14:21:47.000Z","channelId":"UCiA9R5n9sR06RgGGigkY5RA","channelTitle":"ThePussycatDollsVEVO","title":"The Pussycat Dolls - Hush Hush; Hush Hush","description":"Music video by The Pussycat Dolls performing Hush Hush; Hush Hush. (C) 2009 Pussycat Dolls, LLC.","thumbnails":{"default":{"url":"https://i.ytimg.com/vi/3BBsF7VIQyo/default.jpg","width":120,"height":90},"medium":{"url":"https://i.ytimg.com/vi/3BBsF7VIQyo/mqdefault.jpg","width":320,"height":180},"high":{"url":"https://i.ytimg.com/vi/3BBsF7VIQyo/hqdefault.jpg","width":480,"height":360}}}]
{"level":"info","message":"","timestamp":"2018-04-18T19:56:03.635Z"}
{"level":"info","message":"Connected","timestamp":"2018-04-18T19:58:12.560Z"}
{"level":"info","message":"Logged in as: test-bot","timestamp":"2018-04-18T19:58:12.562Z"}
{"level":"info","message":"Connected","timestamp":"2018-04-18T20:01:01.570Z"}
{"level":"info","message":"Logged in as: test-bot","timestamp":"2018-04-18T20:01:01.571Z"}
[{"id":"3BBsF7VIQyo","link":"https://www.youtube.com/watch?v=3BBsF7VIQyo","kind":"youtube#video","publishedAt":"2009-11-24T14:21:47.000Z","channelId":"UCiA9R5n9sR06RgGGigkY5RA","channelTitle":"ThePussycatDollsVEVO","title":"The Pussycat Dolls - Hush Hush; Hush Hush","description":"Music video by The Pussycat Dolls performing Hush Hush; Hush Hush. (C) 2009 Pussycat Dolls, LLC.","thumbnails":{"default":{"url":"https://i.ytimg.com/vi/3BBsF7VIQyo/default.jpg","width":120,"height":90},"medium":{"url":"https://i.ytimg.com/vi/3BBsF7VIQyo/mqdefault.jpg","width":320,"height":180},"high":{"url":"https://i.ytimg.com/vi/3BBsF7VIQyo/hqdefault.jpg","width":480,"height":360}}}]
{"level":"info","message":"https://www.youtube.com/watch?v=3BBsF7VIQyo","timestamp":"2018-04-18T20:01:06.531Z"}
{"level":"info","message":"Connected","timestamp":"2018-04-18T21:48:30.274Z"}
{"level":"info","message":"Logged in as: test-bot","timestamp":"2018-04-18T21:48:30.276Z"}
{"level":"info","message":"Connected","timestamp":"2018-04-18T21:49:05.501Z"}
{"level":"info","message":"Logged in as: test-bot","timestamp":"2018-04-18T21:49:05.503Z"}
{"level":"info","message":"Connected","timestamp":"2018-04-18T21:55:33.492Z"}
{"level":"info","message":"Logged in as: test-bot","timestamp":"2018-04-18T21:55:33.493Z"}
{"level":"info","message":"Connected","timestamp":"2018-04-18T22:09:41.529Z"}
{"level":"info","message":"Logged in as: test-bot","timestamp":"2018-04-18T22:09:41.531Z"}
{"level":"info","message":"Connected","timestamp":"2018-04-18T22:12:00.767Z"}
{"level":"info","message":"Logged in as: test-bot","timestamp":"2018-04-18T22:12:00.769Z"}
{"level":"info","message":"Connected","timestamp":"2018-04-18T22:12:38.499Z"}
{"level":"info","message":"Logged in as: test-bot","timestamp":"2018-04-18T22:12:38.500Z"}
{"level":"info","message":"Connected","timestamp":"2018-04-18T22:16:27.158Z"}
{"level":"info","message":"Logged in as: test-bot","timestamp":"2018-04-18T22:16:27.159Z"}
{"level":"info","message":"Connected","timestamp":"2018-04-18T22:52:12.046Z"}
{"level":"info","message":"Logged in as: test-bot","timestamp":"2018-04-18T22:52:12.047Z"}
{"level":"info","message":"found the video","timestamp":"2018-04-18T22:52:20.533Z"}
